<?xml version="1.0" encoding="UTF-8" ?>
<testsuite tests="5" failures="0" name="edu.pitt.cs.GameOfLifePinningTest" time="1.633" errors="0" skipped="0">
  <properties>
[...]
</properties>
  <testcase classname="edu.pitt.cs.GameOfLifePinningTest" name="testToStringFalse" time="1.6"/>
  <testcase classname="edu.pitt.cs.GameOfLifePinningTest" name="testIterateCell" time="0.004"/>
  <testcase classname="edu.pitt.cs.GameOfLifePinningTest" name="testIterateCell2" time="0.003"/>
  <testcase classname="edu.pitt.cs.GameOfLifePinningTest" name="testToStringTrue" time="0.004"/>
  <testcase classname="edu.pitt.cs.GameOfLifePinningTest" name="testCalculateNextIteration" time="0.022"/>
</testsuite>